<?xml version="1.0" encoding="UTF-8"?>
<testng-results ignored="0" total="1" passed="1" failed="0" skipped="0">
  <reporter-output>
  </reporter-output>
  <suite started-at="2022-03-08T21:11:46 GMT" name="Default suite" finished-at="2022-03-08T21:11:51 GMT" duration-ms="4953">
    <groups>
    </groups>
    <test started-at="2022-03-08T21:11:46 GMT" name="Default test" finished-at="2022-03-08T21:11:51 GMT" duration-ms="4953">
      <class name="Test_script">
        <test-method signature="se()[pri:0, instance:Test_script@d5b810e]" started-at="2022-03-08T21:11:46 GMT" name="se" finished-at="2022-03-08T21:11:51 GMT" duration-ms="4912" status="PASS">
          <reporter-output>
          </reporter-output>
        </test-method> <!-- se -->
      </class> <!-- Test_script -->
    </test> <!-- Default test -->
  </suite> <!-- Default suite -->
</testng-results>
